This is pdfTeX, Version 3.14159265-2.6-1.40.20 (MiKTeX 2.9.7140 64-bit) (preloaded format=pdflatex 2019.8.18)  29 SEP 2019 20:01
entering extended mode
**./BA.tex
(BA.tex
LaTeX2e <2018-12-01>
(cgBA.cls
Document Class: cgBA 2016/07/28 v1.9 Dokumentenklasse fuer Abschlussarbeiten de
r AG Computergraphik
("C:\Users\Dradozer\AppData\Local\Programs\MiKTeX 2.9\tex/latex/base\ifthen.sty
"
Package: ifthen 2014/09/29 v1.1c Standard LaTeX ifthen package (DPC)
)
("C:\Users\Dradozer\AppData\Local\Programs\MiKTeX 2.9\tex/latex/base\article.cl
s"
Document Class: article 2018/09/03 v1.4i Standard LaTeX document class
("C:\Users\Dradozer\AppData\Local\Programs\MiKTeX 2.9\tex/latex/base\size11.clo
"
File: size11.clo 2018/09/03 v1.4i Standard LaTeX file (size option)
)
\c@part=\count80
\c@section=\count81
\c@subsection=\count82
\c@subsubsection=\count83
\c@paragraph=\count84
\c@subparagraph=\count85
\c@figure=\count86
\c@table=\count87
\abovecaptionskip=\skip41
\belowcaptionskip=\skip42
\bibindent=\dimen102
)
("C:\Users\Dradozer\AppData\Local\Programs\MiKTeX 2.9\tex/generic/babel\babel.s
ty"
Package: babel 2019/07/19 3.33 The Babel package

("C:\Users\Dradozer\AppData\Local\Programs\MiKTeX 2.9\tex/generic/babel\switch.
def"
File: switch.def 2019/07/19 3.33 Babel switching mechanism
)
*************************************
* Local config file bblopts.cfg used
*

("C:\Users\Dradozer\AppData\Local\Programs\MiKTeX 2.9\tex/latex/arabi\bblopts.c
fg"
File: bblopts.cfg 2005/09/08 v0.1 add Arabic and Farsi to "declared" options of
 babel
)
("C:\Users\Dradozer\AppData\Local\Programs\MiKTeX 2.9\tex/latex/babel-english\e
nglish.ldf"
Language: english 2017/06/06 v3.3r English support from the babel system

("C:\Users\Dradozer\AppData\Local\Programs\MiKTeX 2.9\tex/generic/babel\babel.d
ef"
File: babel.def 2019/07/19 3.33 Babel common definitions
\babel@savecnt=\count88
\U@D=\dimen103

("C:\Users\Dradozer\AppData\Local\Programs\MiKTeX 2.9\tex/generic/babel\txtbabe
l.def")
\bbl@dirlevel=\count89
)
\l@canadian = a dialect from \language\l@american 
\l@australian = a dialect from \language\l@british 
\l@newzealand = a dialect from \language\l@british 
)
("C:\Users\Dradozer\AppData\Local\Programs\MiKTeX 2.9\tex/latex/babel-german\ng
erman.ldf"
Language: ngerman 2018/12/08 v2.11 German support for babel (post-1996 orthogra
phy)

("C:\Users\Dradozer\AppData\Local\Programs\MiKTeX 2.9\tex/latex/babel-german\ng
ermanb.ldf"
Language: ngermanb 2018/12/08 v2.11 German support for babel (post-1996 orthogr
aphy)
Package babel Info: Making " an active character on input line 121.
)))
("C:\Users\Dradozer\AppData\Local\Programs\MiKTeX 2.9\tex/latex/base\inputenc.s
ty"
Package: inputenc 2018/08/11 v1.3c Input encoding file
\inpenc@prehook=\toks14
\inpenc@posthook=\toks15
)
("C:\Users\Dradozer\AppData\Local\Programs\MiKTeX 2.9\tex/latex/base\fontenc.st
y"
Package: fontenc 2018/08/11 v2.0j Standard LaTeX package

("C:\Users\Dradozer\AppData\Local\Programs\MiKTeX 2.9\tex/latex/base\t1enc.def"
File: t1enc.def 2018/08/11 v2.0j Standard LaTeX file
LaTeX Font Info:    Redeclaring font encoding T1 on input line 48.
))
("C:\Users\Dradozer\AppData\Local\Programs\MiKTeX 2.9\tex/latex/graphics\graphi
cx.sty"
Package: graphicx 2017/06/01 v1.1a Enhanced LaTeX Graphics (DPC,SPQR)

("C:\Users\Dradozer\AppData\Local\Programs\MiKTeX 2.9\tex/latex/graphics\keyval
.sty"
Package: keyval 2014/10/28 v1.15 key=value parser (DPC)
\KV@toks@=\toks16
)
("C:\Users\Dradozer\AppData\Local\Programs\MiKTeX 2.9\tex/latex/graphics\graphi
cs.sty"
Package: graphics 2017/06/25 v1.2c Standard LaTeX Graphics (DPC,SPQR)

("C:\Users\Dradozer\AppData\Local\Programs\MiKTeX 2.9\tex/latex/graphics\trig.s
ty"
Package: trig 2016/01/03 v1.10 sin cos tan (DPC)
)
("C:\Users\Dradozer\AppData\Local\Programs\MiKTeX 2.9\tex/latex/graphics-cfg\gr
aphics.cfg"
File: graphics.cfg 2016/06/04 v1.11 sample graphics configuration
)
Package graphics Info: Driver file: pdftex.def on input line 99.

("C:\Users\Dradozer\AppData\Local\Programs\MiKTeX 2.9\tex/latex/graphics-def\pd
ftex.def"
File: pdftex.def 2018/01/08 v1.0l Graphics/color driver for pdftex
))
\Gin@req@height=\dimen104
\Gin@req@width=\dimen105
)
("C:\Users\Dradozer\AppData\Local\Programs\MiKTeX 2.9\tex/latex/tools\tabularx.
sty"
Package: tabularx 2016/02/03 v2.11b `tabularx' package (DPC)

("C:\Users\Dradozer\AppData\Local\Programs\MiKTeX 2.9\tex/latex/tools\array.sty
"
Package: array 2018/12/30 v2.4k Tabular extension package (FMi)
\col@sep=\dimen106
\ar@mcellbox=\box27
\extrarowheight=\dimen107
\NC@list=\toks17
\extratabsurround=\skip43
\backup@length=\skip44
\ar@cellbox=\box28
)
\TX@col@width=\dimen108
\TX@old@table=\dimen109
\TX@old@col=\dimen110
\TX@target=\dimen111
\TX@delta=\dimen112
\TX@cols=\count90
\TX@ftn=\toks18
)
("C:\Users\Dradozer\AppData\Local\Programs\MiKTeX 2.9\tex/latex/caption\caption
.sty"
Package: caption 2018/10/06 v3.3-154 Customizing captions (AR)

("C:\Users\Dradozer\AppData\Local\Programs\MiKTeX 2.9\tex/latex/caption\caption
3.sty"
Package: caption3 2018/09/12 v1.8c caption3 kernel (AR)
Package caption3 Info: TeX engine: e-TeX on input line 64.
\captionmargin=\dimen113
\captionmargin@=\dimen114
\captionwidth=\dimen115
\caption@tempdima=\dimen116
\caption@indent=\dimen117
\caption@parindent=\dimen118
\caption@hangindent=\dimen119
)
\c@caption@flags=\count91
\c@ContinuedFloat=\count92
)
("C:\Users\Dradozer\AppData\Local\Programs\MiKTeX 2.9\tex/latex/amsfonts\amsfon
ts.sty"
Package: amsfonts 2013/01/14 v3.01 Basic AMSFonts support
\@emptytoks=\toks19
\symAMSa=\mathgroup4
\symAMSb=\mathgroup5
LaTeX Font Info:    Overwriting math alphabet `\mathfrak' in version `bold'
(Font)                  U/euf/m/n --> U/euf/b/n on input line 106.
)
("C:\Users\Dradozer\AppData\Local\Programs\MiKTeX 2.9\tex/latex/amsfonts\amssym
b.sty"
Package: amssymb 2013/01/14 v3.01 AMS font symbols
)
("C:\Users\Dradozer\AppData\Local\Programs\MiKTeX 2.9\tex/latex/amsmath\amsmath
.sty"
Package: amsmath 2018/12/01 v2.17b AMS math features
\@mathmargin=\skip45

For additional information on amsmath, use the `?' option.

("C:\Users\Dradozer\AppData\Local\Programs\MiKTeX 2.9\tex/latex/amsmath\amstext
.sty"
Package: amstext 2000/06/29 v2.01 AMS text

("C:\Users\Dradozer\AppData\Local\Programs\MiKTeX 2.9\tex/latex/amsmath\amsgen.
sty"
File: amsgen.sty 1999/11/30 v2.0 generic functions
\@emptytoks=\toks20
\ex@=\dimen120
))
("C:\Users\Dradozer\AppData\Local\Programs\MiKTeX 2.9\tex/latex/amsmath\amsbsy.
sty"
Package: amsbsy 1999/11/29 v1.2d Bold Symbols
\pmbraise@=\dimen121
)
("C:\Users\Dradozer\AppData\Local\Programs\MiKTeX 2.9\tex/latex/amsmath\amsopn.
sty"
Package: amsopn 2016/03/08 v2.02 operator names
)
\inf@bad=\count93
LaTeX Info: Redefining \frac on input line 223.
\uproot@=\count94
\leftroot@=\count95
LaTeX Info: Redefining \overline on input line 385.
\classnum@=\count96
\DOTSCASE@=\count97
LaTeX Info: Redefining \ldots on input line 482.
LaTeX Info: Redefining \dots on input line 485.
LaTeX Info: Redefining \cdots on input line 606.
\Mathstrutbox@=\box29
\strutbox@=\box30
\big@size=\dimen122
LaTeX Font Info:    Redeclaring font encoding OML on input line 729.
LaTeX Font Info:    Redeclaring font encoding OMS on input line 730.
\macc@depth=\count98
\c@MaxMatrixCols=\count99
\dotsspace@=\muskip10
\c@parentequation=\count100
\dspbrk@lvl=\count101
\tag@help=\toks21
\row@=\count102
\column@=\count103
\maxfields@=\count104
\andhelp@=\toks22
\eqnshift@=\dimen123
\alignsep@=\dimen124
\tagshift@=\dimen125
\tagwidth@=\dimen126
\totwidth@=\dimen127
\lineht@=\dimen128
\@envbody=\toks23
\multlinegap=\skip46
\multlinetaggap=\skip47
\mathdisplay@stack=\toks24
LaTeX Info: Redefining \[ on input line 2844.
LaTeX Info: Redefining \] on input line 2845.
)
("C:\Users\Dradozer\AppData\Local\Programs\MiKTeX 2.9\tex/latex/setspace\setspa
ce.sty"
Package: setspace 2011/12/19 v6.7a set line spacing
)
("C:\Users\Dradozer\AppData\Local\Programs\MiKTeX 2.9\tex/latex/psnfss\palatino
.sty"
Package: palatino 2005/04/12 PSNFSS-v9.2a (SPQR) 
)
\voffsetBackup=\skip48
\hoffsetBackup=\skip49
)
("C:\Users\Dradozer\AppData\Local\Programs\MiKTeX 2.9\tex/latex/acronym\acronym
.sty"
Package: acronym 2015/03/21 v1.41 Support for acronyms (Tobias Oetiker)

("C:\Users\Dradozer\AppData\Local\Programs\MiKTeX 2.9\tex/latex/bigfoot\suffix.
sty"
Package: suffix 2006/07/15 1.5a Variant command support
)
("C:\Users\Dradozer\AppData\Local\Programs\MiKTeX 2.9\tex/latex/xstring\xstring
.sty"
("C:\Users\Dradozer\AppData\Local\Programs\MiKTeX 2.9\tex/generic/xstring\xstri
ng.tex"
\integerpart=\count105
\decimalpart=\count106
)
Package: xstring 2019/02/06 v1.83 String manipulations (CT)
)
\AC@clearlist=\toks25
)
("C:\Users\Dradozer\AppData\Local\Programs\MiKTeX 2.9\tex/latex/hyperref\hyperr
ef.sty"
Package: hyperref 2019/06/12 v6.88h Hypertext links for LaTeX

("C:\Users\Dradozer\AppData\Local\Programs\MiKTeX 2.9\tex/generic/oberdiek\hobs
ub-hyperref.sty"
Package: hobsub-hyperref 2016/05/16 v1.14 Bundle oberdiek, subset hyperref (HO)


("C:\Users\Dradozer\AppData\Local\Programs\MiKTeX 2.9\tex/generic/oberdiek\hobs
ub-generic.sty"
Package: hobsub-generic 2016/05/16 v1.14 Bundle oberdiek, subset generic (HO)
Package: hobsub 2016/05/16 v1.14 Construct package bundles (HO)
Package: infwarerr 2016/05/16 v1.4 Providing info/warning/error messages (HO)
Package: ltxcmds 2016/05/16 v1.23 LaTeX kernel commands for general use (HO)
Package: ifluatex 2016/05/16 v1.4 Provides the ifluatex switch (HO)
Package ifluatex Info: LuaTeX not detected.
Package: ifvtex 2016/05/16 v1.6 Detect VTeX and its facilities (HO)
Package ifvtex Info: VTeX not detected.
Package: intcalc 2016/05/16 v1.2 Expandable calculations with integers (HO)
Package: ifpdf 2018/09/07 v3.3 Provides the ifpdf switch
Package: etexcmds 2016/05/16 v1.6 Avoid name clashes with e-TeX commands (HO)
Package: kvsetkeys 2016/05/16 v1.17 Key value parser (HO)
Package: kvdefinekeys 2016/05/16 v1.4 Define keys (HO)
Package: pdftexcmds 2019/07/25 v0.30 Utility functions of pdfTeX for LuaTeX (HO
)
Package pdftexcmds Info: LuaTeX not detected.
Package pdftexcmds Info: \pdf@primitive is available.
Package pdftexcmds Info: \pdf@ifprimitive is available.
Package pdftexcmds Info: \pdfdraftmode found.
Package: pdfescape 2016/05/16 v1.14 Implements pdfTeX's escape features (HO)
Package: bigintcalc 2016/05/16 v1.4 Expandable calculations on big integers (HO
)
Package: bitset 2016/05/16 v1.2 Handle bit-vector datatype (HO)
Package: uniquecounter 2016/05/16 v1.3 Provide unlimited unique counter (HO)
)
Package hobsub Info: Skipping package `hobsub' (already loaded).
Package: letltxmacro 2016/05/16 v1.5 Let assignment for LaTeX macros (HO)
Package: hopatch 2016/05/16 v1.3 Wrapper for package hooks (HO)
Package: xcolor-patch 2016/05/16 xcolor patch
Package: atveryend 2016/05/16 v1.9 Hooks at the very end of document (HO)
Package atveryend Info: \enddocument detected (standard20110627).
Package: atbegshi 2016/06/09 v1.18 At begin shipout hook (HO)
Package: refcount 2016/05/16 v3.5 Data extraction from label references (HO)
Package: hycolor 2016/05/16 v1.8 Color options for hyperref/bookmark (HO)
)
("C:\Users\Dradozer\AppData\Local\Programs\MiKTeX 2.9\tex/generic/ifxetex\ifxet
ex.sty"
Package: ifxetex 2010/09/12 v0.6 Provides ifxetex conditional
)
("C:\Users\Dradozer\AppData\Local\Programs\MiKTeX 2.9\tex/latex/oberdiek\auxhoo
k.sty"
Package: auxhook 2016/05/16 v1.4 Hooks for auxiliary files (HO)
)
("C:\Users\Dradozer\AppData\Local\Programs\MiKTeX 2.9\tex/latex/oberdiek\kvopti
ons.sty"
Package: kvoptions 2016/05/16 v3.12 Key value format for package options (HO)
)
\@linkdim=\dimen129
\Hy@linkcounter=\count107
\Hy@pagecounter=\count108

("C:\Users\Dradozer\AppData\Local\Programs\MiKTeX 2.9\tex/latex/hyperref\pd1enc
.def"
File: pd1enc.def 2019/06/12 v6.88h Hyperref: PDFDocEncoding definition (HO)
Now handling font encoding PD1 ...
... no UTF-8 mapping file for font encoding PD1
)
\Hy@SavedSpaceFactor=\count109

("C:\Users\Dradozer\AppData\Local\Programs\MiKTeX 2.9\tex/latex/00miktex\hyperr
ef.cfg"
File: hyperref.cfg 2002/06/06 v1.2 hyperref configuration of TeXLive
)
Package hyperref Info: Hyper figures OFF on input line 4550.
Package hyperref Info: Link nesting OFF on input line 4555.
Package hyperref Info: Hyper index ON on input line 4558.
Package hyperref Info: Plain pages OFF on input line 4565.
Package hyperref Info: Backreferencing OFF on input line 4570.
Package hyperref Info: Implicit mode ON; LaTeX internals redefined.
Package hyperref Info: Bookmarks ON on input line 4803.
\c@Hy@tempcnt=\count110

("C:\Users\Dradozer\AppData\Local\Programs\MiKTeX 2.9\tex/latex/url\url.sty"
\Urlmuskip=\muskip11
Package: url 2013/09/16  ver 3.4  Verb mode for urls, etc.
)
LaTeX Info: Redefining \url on input line 5156.
\XeTeXLinkMargin=\dimen130
\Fld@menulength=\count111
\Field@Width=\dimen131
\Fld@charsize=\dimen132
Package hyperref Info: Hyper figures OFF on input line 6411.
Package hyperref Info: Link nesting OFF on input line 6416.
Package hyperref Info: Hyper index ON on input line 6419.
Package hyperref Info: backreferencing OFF on input line 6426.
Package hyperref Info: Link coloring OFF on input line 6431.
Package hyperref Info: Link coloring with OCG OFF on input line 6436.
Package hyperref Info: PDF/A mode OFF on input line 6441.
LaTeX Info: Redefining \ref on input line 6481.
LaTeX Info: Redefining \pageref on input line 6485.
\Hy@abspage=\count112
\c@Item=\count113
\c@Hfootnote=\count114
)
Package hyperref Info: Driver (autodetected): hpdftex.

("C:\Users\Dradozer\AppData\Local\Programs\MiKTeX 2.9\tex/latex/hyperref\hpdfte
x.def"
File: hpdftex.def 2019/06/12 v6.88h Hyperref driver for pdfTeX
\Fld@listcount=\count115
\c@bookmark@seq@number=\count116

("C:\Users\Dradozer\AppData\Local\Programs\MiKTeX 2.9\tex/latex/oberdiek\rerunf
ilecheck.sty"
Package: rerunfilecheck 2016/05/16 v1.8 Rerun checks for auxiliary files (HO)
Package uniquecounter Info: New unique counter `rerunfilecheck' on input line 2
82.
)
\Hy@SectionHShift=\skip50
)
("C:\Users\Dradozer\AppData\Local\Programs\MiKTeX 2.9\tex/latex/listings\listin
gs.sty"
\lst@mode=\count117
\lst@gtempboxa=\box31
\lst@token=\toks26
\lst@length=\count118
\lst@currlwidth=\dimen133
\lst@column=\count119
\lst@pos=\count120
\lst@lostspace=\dimen134
\lst@width=\dimen135
\lst@newlines=\count121
\lst@lineno=\count122
\lst@maxwidth=\dimen136

("C:\Users\Dradozer\AppData\Local\Programs\MiKTeX 2.9\tex/latex/listings\lstmis
c.sty"
File: lstmisc.sty 2019/02/27 1.8b (Carsten Heinz)
\c@lstnumber=\count123
\lst@skipnumbers=\count124
\lst@framebox=\box32
)
("C:\Users\Dradozer\AppData\Local\Programs\MiKTeX 2.9\tex/latex/listings\listin
gs.cfg"
File: listings.cfg 2019/02/27 1.8b listings configuration
))
Package: listings 2019/02/27 1.8b (Carsten Heinz)

("C:\Users\Dradozer\AppData\Local\Programs\MiKTeX 2.9\tex/latex/xcolor\xcolor.s
ty"
Package: xcolor 2016/05/11 v2.12 LaTeX color extensions (UK)

("C:\Users\Dradozer\AppData\Local\Programs\MiKTeX 2.9\tex/latex/graphics-cfg\co
lor.cfg"
File: color.cfg 2016/01/02 v1.6 sample color configuration
)
Package xcolor Info: Driver file: pdftex.def on input line 225.
Package xcolor Info: Model `cmy' substituted by `cmy0' on input line 1348.
Package xcolor Info: Model `hsb' substituted by `rgb' on input line 1352.
Package xcolor Info: Model `RGB' extended on input line 1364.
Package xcolor Info: Model `HTML' substituted by `rgb' on input line 1366.
Package xcolor Info: Model `Hsb' substituted by `hsb' on input line 1367.
Package xcolor Info: Model `tHsb' substituted by `hsb' on input line 1368.
Package xcolor Info: Model `HSB' substituted by `hsb' on input line 1369.
Package xcolor Info: Model `Gray' substituted by `gray' on input line 1370.
Package xcolor Info: Model `wave' substituted by `hsb' on input line 1371.
)
("C:\Users\Dradozer\AppData\Local\Programs\MiKTeX 2.9\tex/latex/float\float.sty
"
Package: float 2001/11/08 v1.3d Float enhancements (AL)
\c@float@type=\count125
\float@exts=\toks27
\float@box=\box33
\@float@everytoks=\toks28
\@floatcapt=\box34
)
("C:\Users\Dradozer\AppData\Local\Programs\MiKTeX 2.9\tex/latex/pgfplots\pgfplo
ts.sty"
("C:\Users\Dradozer\AppData\Local\Programs\MiKTeX 2.9\tex/generic/pgfplots\pgfp
lots.revision.tex")
Package: pgfplots 2018/03/28 v1.16 Data Visualization (1.16)

("C:\Users\Dradozer\AppData\Local\Programs\MiKTeX 2.9\tex/latex/pgf/frontendlay
er\tikz.sty"
("C:\Users\Dradozer\AppData\Local\Programs\MiKTeX 2.9\tex/latex/pgf/basiclayer\
pgf.sty"
("C:\Users\Dradozer\AppData\Local\Programs\MiKTeX 2.9\tex/latex/pgf/utilities\p
gfrcs.sty"
("C:\Users\Dradozer\AppData\Local\Programs\MiKTeX 2.9\tex/generic/pgf/utilities
\pgfutil-common.tex"
\pgfutil@everybye=\toks29
\pgfutil@tempdima=\dimen137
\pgfutil@tempdimb=\dimen138

("C:\Users\Dradozer\AppData\Local\Programs\MiKTeX 2.9\tex/generic/pgf/utilities
\pgfutil-common-lists.tex"))
("C:\Users\Dradozer\AppData\Local\Programs\MiKTeX 2.9\tex/generic/pgf/utilities
\pgfutil-latex.def"
\pgfutil@abb=\box35

("C:\Users\Dradozer\AppData\Local\Programs\MiKTeX 2.9\tex/latex/ms\everyshi.sty
"
Package: everyshi 2001/05/15 v3.00 EveryShipout Package (MS)
))
("C:\Users\Dradozer\AppData\Local\Programs\MiKTeX 2.9\tex/generic/pgf/utilities
\pgfrcs.code.tex"
("C:\Users\Dradozer\AppData\Local\Programs\MiKTeX 2.9\tex/generic/pgf\pgf.revis
ion.tex")
Package: pgfrcs 2019/08/03 v3.1.4b (3.1.4b)
))
Package: pgf 2019/08/03 v3.1.4b (3.1.4b)

("C:\Users\Dradozer\AppData\Local\Programs\MiKTeX 2.9\tex/latex/pgf/basiclayer\
pgfcore.sty"
("C:\Users\Dradozer\AppData\Local\Programs\MiKTeX 2.9\tex/latex/pgf/systemlayer
\pgfsys.sty"
("C:\Users\Dradozer\AppData\Local\Programs\MiKTeX 2.9\tex/generic/pgf/systemlay
er\pgfsys.code.tex"
Package: pgfsys 2019/08/03 v3.1.4b (3.1.4b)

("C:\Users\Dradozer\AppData\Local\Programs\MiKTeX 2.9\tex/generic/pgf/utilities
\pgfkeys.code.tex"
\pgfkeys@pathtoks=\toks30
\pgfkeys@temptoks=\toks31

("C:\Users\Dradozer\AppData\Local\Programs\MiKTeX 2.9\tex/generic/pgf/utilities
\pgfkeysfiltered.code.tex"
\pgfkeys@tmptoks=\toks32
))
\pgf@x=\dimen139
\pgf@y=\dimen140
\pgf@xa=\dimen141
\pgf@ya=\dimen142
\pgf@xb=\dimen143
\pgf@yb=\dimen144
\pgf@xc=\dimen145
\pgf@yc=\dimen146
\pgf@xd=\dimen147
\pgf@yd=\dimen148
\w@pgf@writea=\write3
\r@pgf@reada=\read1
\c@pgf@counta=\count126
\c@pgf@countb=\count127
\c@pgf@countc=\count128
\c@pgf@countd=\count129
\t@pgf@toka=\toks33
\t@pgf@tokb=\toks34
\t@pgf@tokc=\toks35
\pgf@sys@id@count=\count130

("C:\Users\Dradozer\AppData\Local\Programs\MiKTeX 2.9\tex/generic/pgf/systemlay
er\pgf.cfg"
File: pgf.cfg 2019/08/03 v3.1.4b (3.1.4b)
)
Driver file for pgf: pgfsys-pdftex.def

("C:\Users\Dradozer\AppData\Local\Programs\MiKTeX 2.9\tex/generic/pgf/systemlay
er\pgfsys-pdftex.def"
File: pgfsys-pdftex.def 2019/08/03 v3.1.4b (3.1.4b)

("C:\Users\Dradozer\AppData\Local\Programs\MiKTeX 2.9\tex/generic/pgf/systemlay
er\pgfsys-common-pdf.def"
File: pgfsys-common-pdf.def 2019/08/03 v3.1.4b (3.1.4b)
)))
("C:\Users\Dradozer\AppData\Local\Programs\MiKTeX 2.9\tex/generic/pgf/systemlay
er\pgfsyssoftpath.code.tex"
File: pgfsyssoftpath.code.tex 2019/08/03 v3.1.4b (3.1.4b)
\pgfsyssoftpath@smallbuffer@items=\count131
\pgfsyssoftpath@bigbuffer@items=\count132
)
("C:\Users\Dradozer\AppData\Local\Programs\MiKTeX 2.9\tex/generic/pgf/systemlay
er\pgfsysprotocol.code.tex"
File: pgfsysprotocol.code.tex 2019/08/03 v3.1.4b (3.1.4b)
))
("C:\Users\Dradozer\AppData\Local\Programs\MiKTeX 2.9\tex/generic/pgf/basiclaye
r\pgfcore.code.tex"
Package: pgfcore 2019/08/03 v3.1.4b (3.1.4b)

("C:\Users\Dradozer\AppData\Local\Programs\MiKTeX 2.9\tex/generic/pgf/math\pgfm
ath.code.tex"
("C:\Users\Dradozer\AppData\Local\Programs\MiKTeX 2.9\tex/generic/pgf/math\pgfm
athcalc.code.tex"
("C:\Users\Dradozer\AppData\Local\Programs\MiKTeX 2.9\tex/generic/pgf/math\pgfm
athutil.code.tex")
("C:\Users\Dradozer\AppData\Local\Programs\MiKTeX 2.9\tex/generic/pgf/math\pgfm
athparser.code.tex"
\pgfmath@dimen=\dimen149
\pgfmath@count=\count133
\pgfmath@box=\box36
\pgfmath@toks=\toks36
\pgfmath@stack@operand=\toks37
\pgfmath@stack@operation=\toks38
)
("C:\Users\Dradozer\AppData\Local\Programs\MiKTeX 2.9\tex/generic/pgf/math\pgfm
athfunctions.code.tex"
("C:\Users\Dradozer\AppData\Local\Programs\MiKTeX 2.9\tex/generic/pgf/math\pgfm
athfunctions.basic.code.tex")
("C:\Users\Dradozer\AppData\Local\Programs\MiKTeX 2.9\tex/generic/pgf/math\pgfm
athfunctions.trigonometric.code.tex")
("C:\Users\Dradozer\AppData\Local\Programs\MiKTeX 2.9\tex/generic/pgf/math\pgfm
athfunctions.random.code.tex")
("C:\Users\Dradozer\AppData\Local\Programs\MiKTeX 2.9\tex/generic/pgf/math\pgfm
athfunctions.comparison.code.tex")
("C:\Users\Dradozer\AppData\Local\Programs\MiKTeX 2.9\tex/generic/pgf/math\pgfm
athfunctions.base.code.tex")
("C:\Users\Dradozer\AppData\Local\Programs\MiKTeX 2.9\tex/generic/pgf/math\pgfm
athfunctions.round.code.tex")
("C:\Users\Dradozer\AppData\Local\Programs\MiKTeX 2.9\tex/generic/pgf/math\pgfm
athfunctions.misc.code.tex")
("C:\Users\Dradozer\AppData\Local\Programs\MiKTeX 2.9\tex/generic/pgf/math\pgfm
athfunctions.integerarithmetics.code.tex")))
("C:\Users\Dradozer\AppData\Local\Programs\MiKTeX 2.9\tex/generic/pgf/math\pgfm
athfloat.code.tex"
\c@pgfmathroundto@lastzeros=\count134
))
("C:\Users\Dradozer\AppData\Local\Programs\MiKTeX 2.9\tex/generic/pgf/math\pgfi
nt.code.tex")
("C:\Users\Dradozer\AppData\Local\Programs\MiKTeX 2.9\tex/generic/pgf/basiclaye
r\pgfcorepoints.code.tex"
File: pgfcorepoints.code.tex 2019/08/03 v3.1.4b (3.1.4b)
\pgf@picminx=\dimen150
\pgf@picmaxx=\dimen151
\pgf@picminy=\dimen152
\pgf@picmaxy=\dimen153
\pgf@pathminx=\dimen154
\pgf@pathmaxx=\dimen155
\pgf@pathminy=\dimen156
\pgf@pathmaxy=\dimen157
\pgf@xx=\dimen158
\pgf@xy=\dimen159
\pgf@yx=\dimen160
\pgf@yy=\dimen161
\pgf@zx=\dimen162
\pgf@zy=\dimen163
)
("C:\Users\Dradozer\AppData\Local\Programs\MiKTeX 2.9\tex/generic/pgf/basiclaye
r\pgfcorepathconstruct.code.tex"
File: pgfcorepathconstruct.code.tex 2019/08/03 v3.1.4b (3.1.4b)
\pgf@path@lastx=\dimen164
\pgf@path@lasty=\dimen165
)
("C:\Users\Dradozer\AppData\Local\Programs\MiKTeX 2.9\tex/generic/pgf/basiclaye
r\pgfcorepathusage.code.tex"
File: pgfcorepathusage.code.tex 2019/08/03 v3.1.4b (3.1.4b)
\pgf@shorten@end@additional=\dimen166
\pgf@shorten@start@additional=\dimen167
)
("C:\Users\Dradozer\AppData\Local\Programs\MiKTeX 2.9\tex/generic/pgf/basiclaye
r\pgfcorescopes.code.tex"
File: pgfcorescopes.code.tex 2019/08/03 v3.1.4b (3.1.4b)
\pgfpic=\box37
\pgf@hbox=\box38
\pgf@layerbox@main=\box39
\pgf@picture@serial@count=\count135
)
("C:\Users\Dradozer\AppData\Local\Programs\MiKTeX 2.9\tex/generic/pgf/basiclaye
r\pgfcoregraphicstate.code.tex"
File: pgfcoregraphicstate.code.tex 2019/08/03 v3.1.4b (3.1.4b)
\pgflinewidth=\dimen168
)
("C:\Users\Dradozer\AppData\Local\Programs\MiKTeX 2.9\tex/generic/pgf/basiclaye
r\pgfcoretransformations.code.tex"
File: pgfcoretransformations.code.tex 2019/08/03 v3.1.4b (3.1.4b)
\pgf@pt@x=\dimen169
\pgf@pt@y=\dimen170
\pgf@pt@temp=\dimen171
)
("C:\Users\Dradozer\AppData\Local\Programs\MiKTeX 2.9\tex/generic/pgf/basiclaye
r\pgfcorequick.code.tex"
File: pgfcorequick.code.tex 2019/08/03 v3.1.4b (3.1.4b)
)
("C:\Users\Dradozer\AppData\Local\Programs\MiKTeX 2.9\tex/generic/pgf/basiclaye
r\pgfcoreobjects.code.tex"
File: pgfcoreobjects.code.tex 2019/08/03 v3.1.4b (3.1.4b)
)
("C:\Users\Dradozer\AppData\Local\Programs\MiKTeX 2.9\tex/generic/pgf/basiclaye
r\pgfcorepathprocessing.code.tex"
File: pgfcorepathprocessing.code.tex 2019/08/03 v3.1.4b (3.1.4b)
)
("C:\Users\Dradozer\AppData\Local\Programs\MiKTeX 2.9\tex/generic/pgf/basiclaye
r\pgfcorearrows.code.tex"
File: pgfcorearrows.code.tex 2019/08/03 v3.1.4b (3.1.4b)
\pgfarrowsep=\dimen172
)
("C:\Users\Dradozer\AppData\Local\Programs\MiKTeX 2.9\tex/generic/pgf/basiclaye
r\pgfcoreshade.code.tex"
File: pgfcoreshade.code.tex 2019/08/03 v3.1.4b (3.1.4b)
\pgf@max=\dimen173
\pgf@sys@shading@range@num=\count136
\pgf@shadingcount=\count137
)
("C:\Users\Dradozer\AppData\Local\Programs\MiKTeX 2.9\tex/generic/pgf/basiclaye
r\pgfcoreimage.code.tex"
File: pgfcoreimage.code.tex 2019/08/03 v3.1.4b (3.1.4b)

("C:\Users\Dradozer\AppData\Local\Programs\MiKTeX 2.9\tex/generic/pgf/basiclaye
r\pgfcoreexternal.code.tex"
File: pgfcoreexternal.code.tex 2019/08/03 v3.1.4b (3.1.4b)
\pgfexternal@startupbox=\box40
))
("C:\Users\Dradozer\AppData\Local\Programs\MiKTeX 2.9\tex/generic/pgf/basiclaye
r\pgfcorelayers.code.tex"
File: pgfcorelayers.code.tex 2019/08/03 v3.1.4b (3.1.4b)
)
("C:\Users\Dradozer\AppData\Local\Programs\MiKTeX 2.9\tex/generic/pgf/basiclaye
r\pgfcoretransparency.code.tex"
File: pgfcoretransparency.code.tex 2019/08/03 v3.1.4b (3.1.4b)
)
("C:\Users\Dradozer\AppData\Local\Programs\MiKTeX 2.9\tex/generic/pgf/basiclaye
r\pgfcorepatterns.code.tex"
File: pgfcorepatterns.code.tex 2019/08/03 v3.1.4b (3.1.4b)
)
("C:\Users\Dradozer\AppData\Local\Programs\MiKTeX 2.9\tex/generic/pgf/basiclaye
r\pgfcorerdf.code.tex"
File: pgfcorerdf.code.tex 2019/08/03 v3.1.4b (3.1.4b)
)))
("C:\Users\Dradozer\AppData\Local\Programs\MiKTeX 2.9\tex/generic/pgf/modules\p
gfmoduleshapes.code.tex"
File: pgfmoduleshapes.code.tex 2019/08/03 v3.1.4b (3.1.4b)
\pgfnodeparttextbox=\box41
)
("C:\Users\Dradozer\AppData\Local\Programs\MiKTeX 2.9\tex/generic/pgf/modules\p
gfmoduleplot.code.tex"
File: pgfmoduleplot.code.tex 2019/08/03 v3.1.4b (3.1.4b)
)
("C:\Users\Dradozer\AppData\Local\Programs\MiKTeX 2.9\tex/latex/pgf/compatibili
ty\pgfcomp-version-0-65.sty"
Package: pgfcomp-version-0-65 2019/08/03 v3.1.4b (3.1.4b)
\pgf@nodesepstart=\dimen174
\pgf@nodesepend=\dimen175
)
("C:\Users\Dradozer\AppData\Local\Programs\MiKTeX 2.9\tex/latex/pgf/compatibili
ty\pgfcomp-version-1-18.sty"
Package: pgfcomp-version-1-18 2019/08/03 v3.1.4b (3.1.4b)
))
("C:\Users\Dradozer\AppData\Local\Programs\MiKTeX 2.9\tex/latex/pgf/utilities\p
gffor.sty"
("C:\Users\Dradozer\AppData\Local\Programs\MiKTeX 2.9\tex/latex/pgf/utilities\p
gfkeys.sty"
("C:\Users\Dradozer\AppData\Local\Programs\MiKTeX 2.9\tex/generic/pgf/utilities
\pgfkeys.code.tex"))
("C:\Users\Dradozer\AppData\Local\Programs\MiKTeX 2.9\tex/latex/pgf/math\pgfmat
h.sty"
("C:\Users\Dradozer\AppData\Local\Programs\MiKTeX 2.9\tex/generic/pgf/math\pgfm
ath.code.tex"))
("C:\Users\Dradozer\AppData\Local\Programs\MiKTeX 2.9\tex/generic/pgf/utilities
\pgffor.code.tex"
Package: pgffor 2019/08/03 v3.1.4b (3.1.4b)

("C:\Users\Dradozer\AppData\Local\Programs\MiKTeX 2.9\tex/generic/pgf/math\pgfm
ath.code.tex")
\pgffor@iter=\dimen176
\pgffor@skip=\dimen177
\pgffor@stack=\toks39
\pgffor@toks=\toks40
))
("C:\Users\Dradozer\AppData\Local\Programs\MiKTeX 2.9\tex/generic/pgf/frontendl
ayer/tikz\tikz.code.tex"
Package: tikz 2019/08/03 v3.1.4b (3.1.4b)

("C:\Users\Dradozer\AppData\Local\Programs\MiKTeX 2.9\tex/generic/pgf/libraries
\pgflibraryplothandlers.code.tex"
File: pgflibraryplothandlers.code.tex 2019/08/03 v3.1.4b (3.1.4b)
\pgf@plot@mark@count=\count138
\pgfplotmarksize=\dimen178
)
\tikz@lastx=\dimen179
\tikz@lasty=\dimen180
\tikz@lastxsaved=\dimen181
\tikz@lastysaved=\dimen182
\tikz@lastmovetox=\dimen183
\tikz@lastmovetoy=\dimen184
\tikzleveldistance=\dimen185
\tikzsiblingdistance=\dimen186
\tikz@figbox=\box42
\tikz@figbox@bg=\box43
\tikz@tempbox=\box44
\tikz@tempbox@bg=\box45
\tikztreelevel=\count139
\tikznumberofchildren=\count140
\tikznumberofcurrentchild=\count141
\tikz@fig@count=\count142

("C:\Users\Dradozer\AppData\Local\Programs\MiKTeX 2.9\tex/generic/pgf/modules\p
gfmodulematrix.code.tex"
File: pgfmodulematrix.code.tex 2019/08/03 v3.1.4b (3.1.4b)
\pgfmatrixcurrentrow=\count143
\pgfmatrixcurrentcolumn=\count144
\pgf@matrix@numberofcolumns=\count145
)
\tikz@expandcount=\count146

("C:\Users\Dradozer\AppData\Local\Programs\MiKTeX 2.9\tex/generic/pgf/frontendl
ayer/tikz/libraries\tikzlibrarytopaths.code.tex"
File: tikzlibrarytopaths.code.tex 2019/08/03 v3.1.4b (3.1.4b)
)))
("C:\Users\Dradozer\AppData\Local\Programs\MiKTeX 2.9\tex/generic/pgfplots\pgfp
lots.code.tex"
("C:\Users\Dradozer\AppData\Local\Programs\MiKTeX 2.9\tex/generic/pgfplots\pgfp
lotscore.code.tex"
\t@pgfplots@toka=\toks41
\t@pgfplots@tokb=\toks42
\t@pgfplots@tokc=\toks43
\pgfplots@tmpa=\dimen187
\c@pgfplots@coordindex=\count147
\c@pgfplots@scanlineindex=\count148

("C:\Users\Dradozer\AppData\Local\Programs\MiKTeX 2.9\tex/generic/pgfplots/sys\
pgfplotssysgeneric.code.tex"))
("C:\Users\Dradozer\AppData\Local\Programs\MiKTeX 2.9\tex/generic/pgfplots/libs
\pgfplotslibrary.code.tex")
("C:\Users\Dradozer\AppData\Local\Programs\MiKTeX 2.9\tex/generic/pgfplots/oldp
gfcompatib\pgfplotsoldpgfsupp_loader.code.tex"
("C:\Users\Dradozer\AppData\Local\Programs\MiKTeX 2.9\tex/generic/pgf/libraries
\pgflibraryfpu.code.tex"))
("C:\Users\Dradozer\AppData\Local\Programs\MiKTeX 2.9\tex/generic/pgfplots/util
\pgfplotsutil.code.tex"
("C:\Users\Dradozer\AppData\Local\Programs\MiKTeX 2.9\tex/generic/pgfplots/list
structure\pgfplotsliststructure.code.tex")
("C:\Users\Dradozer\AppData\Local\Programs\MiKTeX 2.9\tex/generic/pgfplots/list
structure\pgfplotsliststructureext.code.tex")
("C:\Users\Dradozer\AppData\Local\Programs\MiKTeX 2.9\tex/generic/pgfplots/list
structure\pgfplotsarray.code.tex"
\c@pgfplotsarray@tmp=\count149
)
("C:\Users\Dradozer\AppData\Local\Programs\MiKTeX 2.9\tex/generic/pgfplots/list
structure\pgfplotsmatrix.code.tex")
("C:\Users\Dradozer\AppData\Local\Programs\MiKTeX 2.9\tex/generic/pgfplots/numt
able\pgfplotstableshared.code.tex"
\c@pgfplotstable@counta=\count150
\t@pgfplotstable@a=\toks44
)
("C:\Users\Dradozer\AppData\Local\Programs\MiKTeX 2.9\tex/generic/pgfplots/list
structure\pgfplotsdeque.code.tex")
("C:\Users\Dradozer\AppData\Local\Programs\MiKTeX 2.9\tex/generic/pgfplots/util
\pgfplotsbinary.code.tex"
("C:\Users\Dradozer\AppData\Local\Programs\MiKTeX 2.9\tex/generic/pgfplots/util
\pgfplotsbinary.data.code.tex"))
("C:\Users\Dradozer\AppData\Local\Programs\MiKTeX 2.9\tex/generic/pgfplots/util
\pgfplotsutil.verb.code.tex")
("C:\Users\Dradozer\AppData\Local\Programs\MiKTeX 2.9\tex/generic/pgfplots/libs
\pgflibrarypgfplots.surfshading.code.tex"
\c@pgfplotslibrarysurf@no=\count151

("C:\Users\Dradozer\AppData\Local\Programs\MiKTeX 2.9\tex/generic/pgfplots/sys\
pgflibrarypgfplots.surfshading.pgfsys-pdftex.def")))
("C:\Users\Dradozer\AppData\Local\Programs\MiKTeX 2.9\tex/generic/pgfplots/util
\pgfplotscolormap.code.tex"
("C:\Users\Dradozer\AppData\Local\Programs\MiKTeX 2.9\tex/generic/pgfplots/util
\pgfplotscolor.code.tex"))
("C:\Users\Dradozer\AppData\Local\Programs\MiKTeX 2.9\tex/generic/pgfplots\pgfp
lotsstackedplots.code.tex")
("C:\Users\Dradozer\AppData\Local\Programs\MiKTeX 2.9\tex/generic/pgfplots\pgfp
lotsplothandlers.code.tex"
("C:\Users\Dradozer\AppData\Local\Programs\MiKTeX 2.9\tex/generic/pgfplots\pgfp
lotsmeshplothandler.code.tex"
("C:\Users\Dradozer\AppData\Local\Programs\MiKTeX 2.9\tex/generic/pgfplots\pgfp
lotsmeshplotimage.code.tex")))
("C:\Users\Dradozer\AppData\Local\Programs\MiKTeX 2.9\tex/generic/pgfplots\pgfp
lots.scaling.code.tex")
("C:\Users\Dradozer\AppData\Local\Programs\MiKTeX 2.9\tex/generic/pgfplots\pgfp
lotscoordprocessing.code.tex")
("C:\Users\Dradozer\AppData\Local\Programs\MiKTeX 2.9\tex/generic/pgfplots\pgfp
lots.errorbars.code.tex")
("C:\Users\Dradozer\AppData\Local\Programs\MiKTeX 2.9\tex/generic/pgfplots\pgfp
lots.markers.code.tex")
("C:\Users\Dradozer\AppData\Local\Programs\MiKTeX 2.9\tex/generic/pgfplots\pgfp
lotsticks.code.tex")
("C:\Users\Dradozer\AppData\Local\Programs\MiKTeX 2.9\tex/generic/pgfplots\pgfp
lots.paths.code.tex")
("C:\Users\Dradozer\AppData\Local\Programs\MiKTeX 2.9\tex/generic/pgf/frontendl
ayer/tikz/libraries\tikzlibrarydecorations.code.tex"
("C:\Users\Dradozer\AppData\Local\Programs\MiKTeX 2.9\tex/generic/pgf/modules\p
gfmoduledecorations.code.tex"
\pgfdecoratedcompleteddistance=\dimen188
\pgfdecoratedremainingdistance=\dimen189
\pgfdecoratedinputsegmentcompleteddistance=\dimen190
\pgfdecoratedinputsegmentremainingdistance=\dimen191
\pgf@decorate@distancetomove=\dimen192
\pgf@decorate@repeatstate=\count152
\pgfdecorationsegmentamplitude=\dimen193
\pgfdecorationsegmentlength=\dimen194
)
\tikz@lib@dec@box=\box46
)
("C:\Users\Dradozer\AppData\Local\Programs\MiKTeX 2.9\tex/generic/pgf/frontendl
ayer/tikz/libraries\tikzlibrarydecorations.pathmorphing.code.tex"
("C:\Users\Dradozer\AppData\Local\Programs\MiKTeX 2.9\tex/generic/pgf/libraries
/decorations\pgflibrarydecorations.pathmorphing.code.tex"))
("C:\Users\Dradozer\AppData\Local\Programs\MiKTeX 2.9\tex/generic/pgf/frontendl
ayer/tikz/libraries\tikzlibrarydecorations.pathreplacing.code.tex"
("C:\Users\Dradozer\AppData\Local\Programs\MiKTeX 2.9\tex/generic/pgf/libraries
/decorations\pgflibrarydecorations.pathreplacing.code.tex"))
\pgfplots@numplots=\count153
\pgfplots@xmin@reg=\dimen195
\pgfplots@xmax@reg=\dimen196
\pgfplots@ymin@reg=\dimen197
\pgfplots@ymax@reg=\dimen198
\pgfplots@zmin@reg=\dimen199
\pgfplots@zmax@reg=\dimen256
)
("C:\Users\Dradozer\AppData\Local\Programs\MiKTeX 2.9\tex/generic/pgf/frontendl
ayer/tikz/libraries\tikzlibraryplotmarks.code.tex"
File: tikzlibraryplotmarks.code.tex 2019/08/03 v3.1.4b (3.1.4b)

("C:\Users\Dradozer\AppData\Local\Programs\MiKTeX 2.9\tex/generic/pgf/libraries
\pgflibraryplotmarks.code.tex"
File: pgflibraryplotmarks.code.tex 2019/08/03 v3.1.4b (3.1.4b)
)))
("C:\Users\Dradozer\AppData\Local\Programs\MiKTeX 2.9\tex/latex/subfigure\subfi
gure.sty"
Package: subfigure 2002/07/30 v2.1.4 subfigure package
\subfigtopskip=\skip51
\subfigcapskip=\skip52
\subfigcaptopadj=\dimen257
\subfigbottomskip=\skip53
\subfigcapmargin=\dimen258
\subfiglabelskip=\skip54
\c@subfigure=\count154
\c@lofdepth=\count155
\c@subtable=\count156
\c@lotdepth=\count157

****************************************
* Local config file subfigure.cfg used *
****************************************

("C:\Users\Dradozer\AppData\Local\Programs\MiKTeX 2.9\tex/latex/subfigure\subfi
gure.cfg")
\subfig@top=\skip55
\subfig@bottom=\skip56
)
("C:\Users\Dradozer\AppData\Local\Programs\MiKTeX 2.9\tex/latex/listings\lstlan
g1.sty"
File: lstlang1.sty 2019/02/27 1.8b listings language file
)
("C:\Users\Dradozer\AppData\Local\Programs\MiKTeX 2.9\tex/latex/listings\lstlan
g1.sty"
File: lstlang1.sty 2019/02/27 1.8b listings language file
)
("C:\Users\Dradozer\AppData\Local\Programs\MiKTeX 2.9\tex/latex/listings\lstmis
c.sty"
File: lstmisc.sty 2019/02/27 1.8b (Carsten Heinz)
)

LaTeX Warning: Unused global option(s):
    [intern].

(BA.aux)
\openout1 = `BA.aux'.

LaTeX Font Info:    Checking defaults for OML/cmm/m/it on input line 34.
LaTeX Font Info:    ... okay on input line 34.
LaTeX Font Info:    Checking defaults for T1/cmr/m/n on input line 34.
LaTeX Font Info:    ... okay on input line 34.
LaTeX Font Info:    Checking defaults for OT1/cmr/m/n on input line 34.
LaTeX Font Info:    ... okay on input line 34.
LaTeX Font Info:    Checking defaults for OMS/cmsy/m/n on input line 34.
LaTeX Font Info:    ... okay on input line 34.
LaTeX Font Info:    Checking defaults for OMX/cmex/m/n on input line 34.
LaTeX Font Info:    ... okay on input line 34.
LaTeX Font Info:    Checking defaults for U/cmr/m/n on input line 34.
LaTeX Font Info:    ... okay on input line 34.
LaTeX Font Info:    Checking defaults for PD1/pdf/m/n on input line 34.
LaTeX Font Info:    ... okay on input line 34.
LaTeX Font Info:    Try loading font information for T1+ppl on input line 34.

("C:\Users\Dradozer\AppData\Local\Programs\MiKTeX 2.9\tex/latex/psnfss\t1ppl.fd
"
File: t1ppl.fd 2001/06/04 font definitions for T1/ppl.
)
("C:\Users\Dradozer\AppData\Local\Programs\MiKTeX 2.9\tex/context/base/mkii\sup
p-pdf.mkii"
[Loading MPS to PDF converter (version 2006.09.02).]
\scratchcounter=\count158
\scratchdimen=\dimen259
\scratchbox=\box47
\nofMPsegments=\count159
\nofMParguments=\count160
\everyMPshowfont=\toks45
\MPscratchCnt=\count161
\MPscratchDim=\dimen260
\MPnumerator=\count162
\makeMPintoPDFobject=\count163
\everyMPtoPDFconversion=\toks46
)
("C:\Users\Dradozer\AppData\Local\Programs\MiKTeX 2.9\tex/latex/oberdiek\epstop
df-base.sty"
Package: epstopdf-base 2016/05/15 v2.6 Base part for package epstopdf

("C:\Users\Dradozer\AppData\Local\Programs\MiKTeX 2.9\tex/latex/oberdiek\grfext
.sty"
Package: grfext 2016/05/16 v1.2 Manage graphics extensions (HO)
)
Package epstopdf-base Info: Redefining graphics rule for `.eps' on input line 4
38.
Package grfext Info: Graphics extension search list:
(grfext)             [.pdf,.png,.jpg,.mps,.jpeg,.jbig2,.jb2,.PDF,.PNG,.JPG,.JPE
G,.JBIG2,.JB2,.eps]
(grfext)             \AppendGraphicsExtensions on input line 456.
)
Package caption Info: Begin \AtBeginDocument code.
Package caption Info: float package is loaded.
Package caption Info: hyperref package is loaded.
Package caption Info: listings package is loaded.
Package caption Info: subfigure package is loaded.
Package caption Info: End \AtBeginDocument code.
\AtBeginShipoutBox=\box48
Package hyperref Info: Link coloring OFF on input line 34.

("C:\Users\Dradozer\AppData\Local\Programs\MiKTeX 2.9\tex/latex/hyperref\namere
f.sty"
Package: nameref 2016/05/21 v2.44 Cross-referencing by name of section

("C:\Users\Dradozer\AppData\Local\Programs\MiKTeX 2.9\tex/generic/oberdiek\gett
itlestring.sty"
Package: gettitlestring 2016/05/16 v1.5 Cleanup title references (HO)
)
\c@section@level=\count164
)
LaTeX Info: Redefining \ref on input line 34.
LaTeX Info: Redefining \pageref on input line 34.
LaTeX Info: Redefining \nameref on input line 34.
 (BA.out) (BA.out)
\@outlinefile=\write4
\openout4 = `BA.out'.

\c@lstlisting=\count165
 ABD: EveryShipout initializing macros
Package pgfplots notification 'compat/show suggested version=true': document ha
s been generated with the most recent feature set (\pgfplotsset{compat=1.16}).

LaTeX Font Info:    Try loading font information for U+msa on input line 37.

("C:\Users\Dradozer\AppData\Local\Programs\MiKTeX 2.9\tex/latex/amsfonts\umsa.f
d"
File: umsa.fd 2013/01/14 v3.01 AMS symbols A
)
LaTeX Font Info:    Try loading font information for U+msb on input line 37.

("C:\Users\Dradozer\AppData\Local\Programs\MiKTeX 2.9\tex/latex/amsfonts\umsb.f
d"
File: umsb.fd 2013/01/14 v3.01 AMS symbols B
)
<logos/UniLogoNeu.pdf, id=94, 566.12401pt x 162.73297pt>
File: logos/UniLogoNeu.pdf Graphic file (type pdf)
<use logos/UniLogoNeu.pdf>
Package pdftex.def Info: logos/UniLogoNeu.pdf  used on input line 37.
(pdftex.def)             Requested size: 211.82086pt x 60.88887pt.

Overfull \hbox (169.14174pt too wide) in paragraph at lines 37--37
[]|[]| 
 []


Underfull \hbox (badness 10000) in alignment at lines 37--37
[][] 
 []

LaTeX Font Info:    Font shape `T1/ppl/bx/n' in size <20.74> not available
(Font)              Font shape `T1/ppl/b/n' tried instead on input line 37.

Overfull \hbox (28.28967pt too wide) in paragraph at lines 37--37
[] 
 []

[-1

{C:/Users/Dradozer/AppData/Local/MiKTeX/2.9/pdftex/config/pdftex.map} <./logos/
UniLogoNeu.pdf>]
Underfull \hbox (badness 10000) in paragraph at lines 37--37

 []


Underfull \hbox (badness 10000) in paragraph at lines 37--37

 []


Overfull \hbox (48.02078pt too wide) in alignment at lines 37--37
[][][] 
 []

[1]
LaTeX Font Info:    Font shape `T1/ppl/bx/n' in size <14.4> not available
(Font)              Font shape `T1/ppl/b/n' tried instead on input line 43.

Underfull \hbox (badness 10000) in paragraph at lines 45--48

 []

[1] (BA.toc
LaTeX Font Info:    Font shape `T1/ppl/bx/n' in size <10.95> not available
(Font)              Font shape `T1/ppl/b/n' tried instead on input line 2.
)
\tf@toc=\write5
\openout5 = `BA.toc'.

 [2]
Underfull \hbox (badness 10000) in paragraph at lines 61--72

 []


Underfull \hbox (badness 3019) in paragraph at lines 61--72
\T1/ppl/m/n/10.95 Vor dem Be-ginn der vor-lie-gen-den Ba-che-lor-ar-beit möch-t
e ich mich
 []


Underfull \hbox (badness 10000) in paragraph at lines 61--72

 []


Underfull \hbox (badness 1902) in paragraph at lines 61--72
\T1/ppl/m/n/10.95 Zunächst ein-mal be-dan-ke ich mich bei Prof. Dr.-Ing. Ste-fa
n Mül-ler
 []


Underfull \hbox (badness 1189) in paragraph at lines 61--72
\T1/ppl/m/n/10.95 wie-der da-zu mo-ti-viert hat wei-ter zu ar-bei-ten und nach 
al-ter-na-ti-ven
 []

[1

]
Underfull \hbox (badness 1297) in paragraph at lines 89--95
\T1/ppl/m/n/10.95 Die Si-mu-la-ti-on zur Dar-stel-lung von Flui-den, ist ein ja
h-re-lan-ge Her-
 []


Underfull \hbox (badness 10000) in paragraph at lines 89--95

 []


Underfull \hbox (badness 2600) in paragraph at lines 89--95
\T1/ppl/m/n/10.95 Die phy-si-ka-li-sche Grund-la-ge, die Navier-Stokes-Gleichun
gen, ba-siert
 []

[2]
LaTeX Font Info:    Font shape `T1/ppl/bx/n' in size <12> not available
(Font)              Font shape `T1/ppl/b/n' tried instead on input line 96.
<Bilder/vektorfeld.jpg, id=174, 937.5025pt x 861.2175pt>
File: Bilder/vektorfeld.jpg Graphic file (type jpg)
<use Bilder/vektorfeld.jpg>
Package pdftex.def Info: Bilder/vektorfeld.jpg  used on input line 106.
(pdftex.def)             Requested size: 251.9989pt x 231.49368pt.
LaTeX Font Info:    Font shape `T1/ppl/bx/it' in size <10.95> not available
(Font)              Font shape `T1/ppl/b/it' tried instead on input line 107.
 [3]
<Bilder/partikelsystem.jpg, id=184, 919.435pt x 722.7pt>
File: Bilder/partikelsystem.jpg Graphic file (type jpg)
<use Bilder/partikelsystem.jpg>
Package pdftex.def Info: Bilder/partikelsystem.jpg  used on input line 124.
(pdftex.def)             Requested size: 251.9989pt x 198.07594pt.
 [4 <./Bilder/vektorfeld.jpg>] [5 <./Bilder/partikelsystem.jpg>]
[6]
Underfull \hbox (badness 3219) in paragraph at lines 231--239
\T1/ppl/m/n/10.95 Die $\OML/cmm/m/it/10.95 W[]$\T1/ppl/m/n/10.95 -Funktion([]1[
]) bie-tet einen wei-chen ab-fal-len-den Ver-lauf bei
 []


Underfull \hbox (badness 10000) in paragraph at lines 231--239

 []


Underfull \hbox (badness 10000) in paragraph at lines 231--239

 []

[7]
<Bilder/kernel.jpg, id=256, 793.46437pt x 331.2375pt>
File: Bilder/kernel.jpg Graphic file (type jpg)
<use Bilder/kernel.jpg>
Package pdftex.def Info: Bilder/kernel.jpg  used on input line 282.
(pdftex.def)             Requested size: 251.9989pt x 105.19958pt.


LaTeX Warning: `h' float specifier changed to `ht'.


Underfull \hbox (badness 10000) in paragraph at lines 286--288

 []

[8]
<Bilder/impKernel.jpg, id=275, 680.5425pt x 457.71pt>
File: Bilder/impKernel.jpg Graphic file (type jpg)
<use Bilder/impKernel.jpg>
Package pdftex.def Info: Bilder/impKernel.jpg  used on input line 291.
(pdftex.def)             Requested size: 486.0022pt x 326.86906pt.

Overfull \hbox (126.0022pt too wide) in paragraph at lines 291--292
 [][] 
 []

[9 <./Bilder/kernel.jpg> <./Bilder/impKernel.jpg>]
Underfull \hbox (badness 10000) in paragraph at lines 312--316

 []


Underfull \hbox (badness 10000) in paragraph at lines 312--316

 []

<Bilder/dichte.jpg, id=291, 674.52pt x 255.20343pt>
File: Bilder/dichte.jpg Graphic file (type jpg)
<use Bilder/dichte.jpg>
Package pdftex.def Info: Bilder/dichte.jpg  used on input line 319.
(pdftex.def)             Requested size: 486.0022pt x 183.88261pt.

Overfull \hbox (126.0022pt too wide) in paragraph at lines 319--320
 [][] 
 []

[10] [11 <./Bilder/dichte.jpg>] [12] [13]
Underfull \hbox (badness 2012) in paragraph at lines 409--411
\T1/ppl/m/n/10.95 Abschlieÿend wer-den al-le Kräf-te zu-sam-men-ge-rech-net und
 zum Ge-
 []


Underfull \hbox (badness 10000) in paragraph at lines 409--411

 []

<Bilder/external.jpg, id=350, 264.99pt x 297.36093pt>
File: Bilder/external.jpg Graphic file (type jpg)
<use Bilder/external.jpg>
Package pdftex.def Info: Bilder/external.jpg  used on input line 428.
(pdftex.def)             Requested size: 126.0022pt x 141.3931pt.
[14] [15 <./Bilder/external.jpg>]
<Bilder/Flipflop.jpg, id=368, 666.99188pt x 137.01187pt>
File: Bilder/Flipflop.jpg Graphic file (type jpg)
<use Bilder/Flipflop.jpg>
Package pdftex.def Info: Bilder/Flipflop.jpg  used on input line 445.
(pdftex.def)             Requested size: 468.0011pt x 96.13762pt.

Overfull \hbox (108.0011pt too wide) in paragraph at lines 445--446
 [][] 
 []

[16 <./Bilder/Flipflop.jpg>]
<Bilder/grid.jpg, id=379, 721.69624pt x 270.00874pt>
File: Bilder/grid.jpg Graphic file (type jpg)
<use Bilder/grid.jpg>
Package pdftex.def Info: Bilder/grid.jpg  used on input line 481.
(pdftex.def)             Requested size: 360.0pt x 134.68678pt.
 [17] [18 <./Bilder/grid.jpg>]
<Bilder/StoringLable.jpg, id=401, 674.52pt x 306.39468pt>
File: Bilder/StoringLable.jpg Graphic file (type jpg)
<use Bilder/StoringLable.jpg>
Package pdftex.def Info: Bilder/StoringLable.jpg  used on input line 504.
(pdftex.def)             Requested size: 468.0011pt x 212.59071pt.

Overfull \hbox (108.0011pt too wide) in paragraph at lines 504--505
 [][] 
 []

[19 <./Bilder/StoringLable.jpg>]
Underfull \hbox (badness 10000) in paragraph at lines 550--556

 []

[20]
Underfull \hbox (badness 10000) in paragraph at lines 569--571

 []


Underfull \hbox (badness 10000) in paragraph at lines 596--598

 []


Underfull \hbox (badness 2197) in paragraph at lines 614--616
\T1/ppl/m/n/10.95 le-re und sta-bi-le-re Im-ple-men-ta-ti-on des Sor-tieral-go-
rith-mus, au-ÿer-dem
 []


Underfull \hbox (badness 10000) in paragraph at lines 614--616

 []

[21]
<Bilder/GridStruct.jpg, id=436, 663.98062pt x 91.09032pt>
File: Bilder/GridStruct.jpg Graphic file (type jpg)
<use Bilder/GridStruct.jpg>
Package pdftex.def Info: Bilder/GridStruct.jpg  used on input line 661.
(pdftex.def)             Requested size: 468.0011pt x 64.20476pt.

Overfull \hbox (108.0011pt too wide) in paragraph at lines 661--662
 [][] 
 []

[22]
<Bilder/lable.jpg, id=476, 675.27281pt x 287.57437pt>
File: Bilder/lable.jpg Graphic file (type jpg)
<use Bilder/lable.jpg>
Package pdftex.def Info: Bilder/lable.jpg  used on input line 670.
(pdftex.def)             Requested size: 468.0011pt x 199.30852pt.

Overfull \hbox (108.0011pt too wide) in paragraph at lines 670--671
 [][] 
 []

<Bilder/PrefixSum.jpg, id=478, 450.18187pt x 223.58531pt>
File: Bilder/PrefixSum.jpg Graphic file (type jpg)
<use Bilder/PrefixSum.jpg>
Package pdftex.def Info: Bilder/PrefixSum.jpg  used on input line 679.
(pdftex.def)             Requested size: 360.0pt x 178.80365pt.
[23 <./Bilder/GridStruct.jpg> <./Bilder/lable.jpg>]
<Bilder/rearrange.jpg, id=489, 663.98062pt x 63.98906pt>
File: Bilder/rearrange.jpg Graphic file (type jpg)
<use Bilder/rearrange.jpg>
Package pdftex.def Info: Bilder/rearrange.jpg  used on input line 695.
(pdftex.def)             Requested size: 468.0011pt x 45.10251pt.

Overfull \hbox (108.0011pt too wide) in paragraph at lines 695--696
 [][] 
 []

[24 <./Bilder/PrefixSum.jpg>]
<Bilder/normal.jpg, id=497, 659.46375pt x 275.52937pt>
File: Bilder/normal.jpg Graphic file (type jpg)
<use Bilder/normal.jpg>
Package pdftex.def Info: Bilder/normal.jpg  used on input line 704.
(pdftex.def)             Requested size: 468.0011pt x 195.53893pt.

Overfull \hbox (108.0011pt too wide) in paragraph at lines 704--705
 [][] 
 []


Underfull \hbox (badness 2970) in paragraph at lines 713--720
\T1/ppl/m/n/10.95 Beim Ver-gleich der Sor-tieral-go-rith-men bei stei-gen-der P
ar-ti-ke-lan-zahl
 []

[25 <./Bilder/rearrange.jpg> <./Bilder/normal.jpg>]
Overfull \hbox (10.47542pt too wide) in paragraph at lines 723--733
 [][] 
 []


Overfull \hbox (9.18794pt too wide) in paragraph at lines 741--751
 [][] 
 []

[26] [27]
<Bilder/1.jpg, id=521, 242.8272pt x 173.448pt>
File: Bilder/1.jpg Graphic file (type jpg)
<use Bilder/1.jpg>
Package pdftex.def Info: Bilder/1.jpg  used on input line 799.
(pdftex.def)             Requested size: 360.0pt x 257.15688pt.
<Bilder/2.jpg, id=522, 242.8272pt x 173.448pt>
File: Bilder/2.jpg Graphic file (type jpg)
<use Bilder/2.jpg>
Package pdftex.def Info: Bilder/2.jpg  used on input line 803.
(pdftex.def)             Requested size: 360.0pt x 257.15688pt.
 [28]
<Bilder/3.jpg, id=527, 242.8272pt x 173.448pt>
File: Bilder/3.jpg Graphic file (type jpg)
<use Bilder/3.jpg>
Package pdftex.def Info: Bilder/3.jpg  used on input line 807.
(pdftex.def)             Requested size: 360.0pt x 257.15688pt.
<Bilder/4.jpg, id=528, 242.8272pt x 173.448pt>
File: Bilder/4.jpg Graphic file (type jpg)
<use Bilder/4.jpg>
Package pdftex.def Info: Bilder/4.jpg  used on input line 811.
(pdftex.def)             Requested size: 360.0pt x 257.15688pt.
 [29 <./Bilder/1.jpg> <./Bilder/2.jpg>]
<Bilder/5.jpg, id=535, 242.8272pt x 173.448pt>
File: Bilder/5.jpg Graphic file (type jpg)
<use Bilder/5.jpg>
Package pdftex.def Info: Bilder/5.jpg  used on input line 815.
(pdftex.def)             Requested size: 360.0pt x 257.15688pt.
<Bilder/6.jpg, id=536, 242.8272pt x 173.448pt>
File: Bilder/6.jpg Graphic file (type jpg)
<use Bilder/6.jpg>
Package pdftex.def Info: Bilder/6.jpg  used on input line 819.
(pdftex.def)             Requested size: 360.0pt x 257.15688pt.
 [30 <./Bilder/3.jpg> <./Bilder/4.jpg>] [31 <./Bilder/5.jpg> <./Bilder/6.jpg>] 
[32] (BA.lof
LaTeX Font Info:    Try loading font information for T1+pcr on input line 2.

("C:\Users\Dradozer\AppData\Local\Programs\MiKTeX 2.9\tex/latex/psnfss\t1pcr.fd
"
File: t1pcr.fd 2001/06/04 font definitions for T1/pcr.
)
Underfull \hbox (badness 10000) in paragraph at lines 2--2
 \T1/ppl/m/n/10.95 Quelle:[]$\T1/pcr/m/n/10.95 https : / / thumbs . gfycat . co
m / 
 []


Underfull \hbox (badness 10000) in paragraph at lines 3--3
 []$\T1/pcr/m/n/10.95 https : / / i . ytimg . com / vi / DhNt _ A3k4B4 / 
 []


Underfull \hbox (badness 3168) in paragraph at lines 6--6
 [][] [][]\T1/ppl/m/n/10.95 Die Ge-wich-tungs-funk-tio-nen $\OML/cmm/m/it/10.95
 W[]$\T1/ppl/m/n/10.95 , $\OML/cmm/m/it/10.95 W[]$\T1/ppl/m/n/10.95 , $\OML/cmm
/m/it/10.95 W[]$ \T1/ppl/m/n/10.95 nach 
 []

)
\tf@lof=\write6
\openout6 = `BA.lof'.

 [33] (BA.bbl
Underfull \hbox (badness 10000) in paragraph at lines 40--47
[]\T1/ppl/m/sc/10.95 Hoetzlein\T1/ppl/m/n/10.95 , Ra-ma C.:  \T1/ppl/m/it/10.95
 FAST FIXED-RADIUS
 []


Underfull \hbox (badness 10000) in paragraph at lines 40--47
\T1/ppl/m/it/10.95 NEA-REST NEIGH-BORS: IN-TER-AC-TI-VE MILLION-
 []


Underfull \hbox (badness 10000) in paragraph at lines 40--47
\T1/ppl/m/it/10.95 PARTICLE FLUIDS\T1/ppl/m/n/10.95 .  []$\T1/pcr/m/n/10.95 htt
p : / / on-[]demand .
 []


Underfull \hbox (badness 10000) in paragraph at lines 40--47
\T1/pcr/m/n/10.95 gputechconf . com / gtc / 2014 / presentations /
 []


Underfull \hbox (badness 10000) in paragraph at lines 40--47
\T1/pcr/m/n/10.95 S4117-[]fast-[]fixed-[]radius-[]nearest-[]neighbor-[]gpu .
 []

[34]
Underfull \hbox (badness 1642) in paragraph at lines 82--89
[]\T1/ppl/m/sc/10.95 Peschel\T1/ppl/m/n/10.95 , Franz:  \T1/ppl/m/it/10.95 Si-m
u-la-ti-on und Vi-sua-li-sie-rung von Flui-
 []


Underfull \hbox (badness 10000) in paragraph at lines 82--89
\T1/pcr/m/n/10.95 / / aleph1 . uni-[]koblenz . de / F ? func = find-[]b & find 
_
 []


Underfull \hbox (badness 2582) in paragraph at lines 82--89
\T1/pcr/m/n/10.95 code = wrd & request = franz + peschel$[]\T1/ppl/m/n/10.95 . 
 Version:2009. --
 []

) [35]
Package atveryend Info: Empty hook `BeforeClearDocument' on input line 836.
Package atveryend Info: Empty hook `AfterLastShipout' on input line 836.
 (BA.aux)
Package atveryend Info: Executing hook `AtVeryEndDocument' on input line 836.
Package atveryend Info: Executing hook `AtEndAfterFileList' on input line 836.
Package rerunfilecheck Info: File `BA.out' has not changed.
(rerunfilecheck)             Checksum: 4B4C548C54D52D9882BA005B3E429274;1292.
Package atveryend Info: Empty hook `AtVeryVeryEnd' on input line 836.
 ) 
Here is how much of TeX's memory you used:
 31335 strings out of 492895
 727017 string characters out of 3122334
 1088910 words of memory out of 3000000
 34501 multiletter control sequences out of 15000+200000
 30765 words of font info for 61 fonts, out of 3000000 for 9000
 1141 hyphenation exceptions out of 8191
 74i,19n,127p,1128b,2280s stack positions out of 5000i,500n,10000p,200000b,50000s
{C:/Users/Dradozer/AppData/Local/Programs/MiKTeX 2.9/fonts/enc/dvips/base/8r.
enc}<C:/Users/Dradozer/AppData/Local/Programs/MiKTeX 2.9/fonts/type1/public/ams
fonts/cm/cmex10.pfb><C:/Users/Dradozer/AppData/Local/Programs/MiKTeX 2.9/fonts/
type1/public/amsfonts/cm/cmmi10.pfb><C:/Users/Dradozer/AppData/Local/Programs/M
iKTeX 2.9/fonts/type1/public/amsfonts/cm/cmmi8.pfb><C:/Users/Dradozer/AppData/L
ocal/Programs/MiKTeX 2.9/fonts/type1/public/amsfonts/cm/cmr10.pfb><C:/Users/Dra
dozer/AppData/Local/Programs/MiKTeX 2.9/fonts/type1/public/amsfonts/cm/cmr6.pfb
><C:/Users/Dradozer/AppData/Local/Programs/MiKTeX 2.9/fonts/type1/public/amsfon
ts/cm/cmr8.pfb><C:/Users/Dradozer/AppData/Local/Programs/MiKTeX 2.9/fonts/type1
/public/amsfonts/cm/cmsy10.pfb><C:/Users/Dradozer/AppData/Local/Programs/MiKTeX
 2.9/fonts/type1/public/amsfonts/symbols/msam10.pfb><C:/Users/Dradozer/AppData/
Local/Programs/MiKTeX 2.9/fonts/type1/urw/courier/ucrr8a.pfb><C:/Users/Dradozer
/AppData/Local/Programs/MiKTeX 2.9/fonts/type1/urw/palatino/uplb8a.pfb><C:/User
s/Dradozer/AppData/Local/Programs/MiKTeX 2.9/fonts/type1/urw/palatino/uplbi8a.p
fb><C:/Users/Dradozer/AppData/Local/Programs/MiKTeX 2.9/fonts/type1/urw/palatin
o/uplr8a.pfb><C:/Users/Dradozer/AppData/Local/Programs/MiKTeX 2.9/fonts/type1/u
rw/palatino/uplri8a.pfb>
Output written on BA.pdf (39 pages, 1617909 bytes).
PDF statistics:
 707 PDF objects out of 1000 (max. 8388607)
 201 named destinations out of 1000 (max. 500000)
 294 words of extra memory for PDF output out of 10000 (max. 10000000)

