\BOOKMARK [1][-]{section.1}{Vorwort}{}% 1
\BOOKMARK [1][-]{section.2}{Einleitung}{}% 2
\BOOKMARK [1][-]{section.3}{State of the Art}{}% 3
\BOOKMARK [2][-]{subsection.3.1}{Vektorfeldverfahren}{section.3}% 4
\BOOKMARK [2][-]{subsection.3.2}{Partikelsystem}{section.3}% 5
\BOOKMARK [1][-]{section.4}{Rauchsimulation}{}% 6
\BOOKMARK [2][-]{subsection.4.1}{Gewichtungsfunktionen}{section.4}% 7
\BOOKMARK [2][-]{subsection.4.2}{Dichte}{section.4}% 8
\BOOKMARK [2][-]{subsection.4.3}{Druck}{section.4}% 9
\BOOKMARK [2][-]{subsection.4.4}{Viskosit\344t}{section.4}% 10
\BOOKMARK [2][-]{subsection.4.5}{Auftrieb}{section.4}% 11
\BOOKMARK [2][-]{subsection.4.6}{Wirbelkraft}{section.4}% 12
\BOOKMARK [2][-]{subsection.4.7}{Update Kr\344fte}{section.4}% 13
\BOOKMARK [1][-]{section.5}{Implementierung}{}% 14
\BOOKMARK [1][-]{section.6}{Beschleunigung}{}% 15
\BOOKMARK [2][-]{subsection.6.1}{gridbasierte Nachbarschaftssuche}{section.6}% 16
\BOOKMARK [2][-]{subsection.6.2}{Speicherverfahren}{section.6}% 17
\BOOKMARK [2][-]{subsection.6.3}{Countigsort}{section.6}% 18
\BOOKMARK [3][-]{subsubsection.6.3.1}{Coutingsort - Theorie}{subsection.6.3}% 19
\BOOKMARK [3][-]{subsubsection.6.3.2}{Coutingsort - Implementierung}{subsection.6.3}% 20
\BOOKMARK [2][-]{subsection.6.4}{Vergleich}{section.6}% 21
\BOOKMARK [1][-]{section.7}{Ergebnis}{}% 22
\BOOKMARK [1][-]{section.8}{Fazit}{}% 23
